TN:
SF:index.js
FN:35,(anonymous_0)
FN:43,(anonymous_1)
FN:61,(anonymous_2)
FN:87,(anonymous_3)
FN:116,(anonymous_4)
FN:161,(anonymous_5)
FN:193,(anonymous_6)
FN:221,(anonymous_7)
FN:316,(anonymous_8)
FN:416,(anonymous_9)
FN:443,(anonymous_10)
FN:481,(anonymous_11)
FN:507,(anonymous_12)
FN:557,(anonymous_13)
FN:586,(anonymous_14)
FN:623,(anonymous_15)
FN:664,(anonymous_16)
FN:703,(anonymous_17)
FN:780,(anonymous_18)
FNF:19
FNH:18
FNDA:1,(anonymous_0)
FNDA:2,(anonymous_1)
FNDA:2,(anonymous_2)
FNDA:2,(anonymous_3)
FNDA:2,(anonymous_4)
FNDA:1,(anonymous_5)
FNDA:1,(anonymous_6)
FNDA:3,(anonymous_7)
FNDA:5,(anonymous_8)
FNDA:1,(anonymous_9)
FNDA:1,(anonymous_10)
FNDA:2,(anonymous_11)
FNDA:1,(anonymous_12)
FNDA:1,(anonymous_13)
FNDA:1,(anonymous_14)
FNDA:1,(anonymous_15)
FNDA:1,(anonymous_16)
FNDA:4,(anonymous_17)
FNDA:0,(anonymous_18)
DA:5,1
DA:6,1
DA:7,1
DA:8,1
DA:10,1
DA:11,1
DA:12,1
DA:17,1
DA:35,1
DA:36,1
DA:43,1
DA:44,2
DA:45,2
DA:46,1
DA:48,1
DA:49,1
DA:61,1
DA:62,2
DA:63,2
DA:75,2
DA:76,1
DA:78,1
DA:79,1
DA:87,1
DA:88,2
DA:89,2
DA:91,2
DA:104,2
DA:105,1
DA:107,1
DA:108,1
DA:116,1
DA:117,2
DA:118,2
DA:149,2
DA:150,1
DA:152,1
DA:153,1
DA:161,1
DA:162,1
DA:163,1
DA:181,1
DA:182,1
DA:184,0
DA:185,0
DA:193,1
DA:194,1
DA:208,1
DA:209,1
DA:210,1
DA:212,0
DA:213,0
DA:221,1
DA:222,3
DA:224,3
DA:283,3
DA:284,3
DA:286,2
DA:287,1
DA:290,1
DA:292,1
DA:307,1
DA:308,1
DA:316,1
DA:317,5
DA:323,5
DA:325,5
DA:327,5
DA:328,5
DA:330,5
DA:341,5
DA:343,5
DA:344,5
DA:346,5
DA:347,3
DA:348,3
DA:350,2
DA:351,2
DA:354,5
DA:358,5
DA:365,5
DA:367,5
DA:388,5
DA:393,5
DA:398,4
DA:399,4
DA:401,4
DA:403,1
DA:404,1
DA:416,1
DA:417,1
DA:418,1
DA:431,1
DA:432,1
DA:434,0
DA:435,0
DA:443,1
DA:444,1
DA:445,1
DA:469,1
DA:470,1
DA:472,0
DA:473,0
DA:481,1
DA:482,2
DA:483,2
DA:495,2
DA:496,1
DA:498,1
DA:499,1
DA:507,1
DA:508,1
DA:509,1
DA:545,1
DA:546,1
DA:548,0
DA:549,0
DA:557,1
DA:558,1
DA:573,1
DA:574,1
DA:575,1
DA:577,0
DA:578,0
DA:586,1
DA:587,1
DA:589,1
DA:606,1
DA:607,1
DA:608,1
DA:610,0
DA:611,0
DA:623,1
DA:624,1
DA:651,1
DA:652,1
DA:653,1
DA:655,0
DA:656,0
DA:664,1
DA:665,1
DA:690,1
DA:691,1
DA:692,1
DA:694,0
DA:695,0
DA:703,1
DA:704,4
DA:707,4
DA:709,1
DA:710,1
DA:712,1
DA:713,1
DA:715,1
DA:716,1
DA:719,1
DA:720,1
DA:723,4
DA:764,4
DA:765,4
DA:766,3
DA:768,1
DA:769,1
DA:777,1
DA:779,1
DA:780,0
DA:781,0
DA:785,1
LF:168
LH:148
BRDA:18,0,0,1
BRDA:18,0,1,0
BRDA:19,1,0,1
BRDA:19,1,1,0
BRDA:20,2,0,1
BRDA:20,2,1,0
BRDA:21,3,0,1
BRDA:21,3,1,0
BRDA:22,4,0,1
BRDA:22,4,1,0
BRDA:286,5,0,1
BRDA:286,5,1,1
BRDA:299,6,0,1
BRDA:299,6,1,1
BRDA:300,7,0,1
BRDA:300,7,1,1
BRDA:301,8,0,1
BRDA:301,8,1,0
BRDA:302,9,0,1
BRDA:302,9,1,0
BRDA:303,10,0,1
BRDA:303,10,1,0
BRDA:304,11,0,1
BRDA:304,11,1,0
BRDA:319,12,0,2
BRDA:320,13,0,2
BRDA:321,14,0,2
BRDA:322,15,0,2
BRDA:327,16,0,5
BRDA:327,16,1,0
BRDA:328,17,0,5
BRDA:328,17,1,4
BRDA:341,18,0,5
BRDA:341,18,1,1
BRDA:346,19,0,3
BRDA:346,19,1,2
BRDA:354,20,0,5
BRDA:354,20,1,0
BRDA:399,21,0,4
BRDA:399,21,1,0
BRDA:707,22,0,1
BRDA:707,22,1,1
BRDA:707,22,2,1
BRDA:707,22,3,1
BRDA:707,22,4,1
BRDA:777,23,0,1
BRDA:777,23,1,0
BRDA:779,24,0,0
BRDA:779,24,1,1
BRF:49
BRH:35
end_of_record
